This file contains any messages produced by compilers while
running configure, to aid debugging if configure makes a mistake.

It was created by sonic-stp configure 1.0.0, which was
generated by GNU Autoconf 2.69.  Invocation command line was

  $ ./configure CFLAGS=-g -O0

## --------- ##
## Platform. ##
## --------- ##

hostname = pi
uname -m = x86_64
uname -r = 5.10.0-33-amd64
uname -s = Linux
uname -v = #1 SMP Debian 5.10.226-1 (2024-10-03)

/usr/bin/uname -p = unknown
/bin/uname -X     = unknown

/bin/arch              = x86_64
/usr/bin/arch -k       = unknown
/usr/convex/getsysinfo = unknown
/usr/bin/hostinfo      = unknown
/bin/machine           = unknown
/usr/bin/oslevel       = unknown
/bin/universe          = unknown

PATH: /usr/local/bin
PATH: /usr/bin
PATH: /bin
PATH: /usr/local/games
PATH: /usr/games


## ----------- ##
## Core tests. ##
## ----------- ##

configure:2365: checking for a BSD-compatible install
configure:2433: result: /usr/bin/install -c
configure:2444: checking whether build environment is sane
configure:2499: result: yes
configure:2645: checking for a thread-safe mkdir -p
configure:2684: result: /usr/bin/mkdir -p
configure:2691: checking for gawk
configure:2721: result: no
configure:2691: checking for mawk
configure:2707: found /usr/bin/mawk
configure:2718: result: mawk
configure:2729: checking whether make sets $(MAKE)
configure:2751: result: yes
configure:2780: checking whether make supports nested variables
configure:2797: result: yes
configure:2983: checking for gcc
configure:2999: found /usr/bin/gcc
configure:3010: result: gcc
configure:3239: checking for C compiler version
configure:3248: gcc --version >&5
gcc (Debian 10.2.1-6) 10.2.1 20210110
Copyright (C) 2020 Free Software Foundation, Inc.
This is free software; see the source for copying conditions.  There is NO
warranty; not even for MERCHANTABILITY or FITNESS FOR A PARTICULAR PURPOSE.

configure:3259: $? = 0
configure:3248: gcc -v >&5
Using built-in specs.
COLLECT_GCC=gcc
COLLECT_LTO_WRAPPER=/usr/lib/gcc/x86_64-linux-gnu/10/lto-wrapper
OFFLOAD_TARGET_NAMES=nvptx-none:amdgcn-amdhsa:hsa
OFFLOAD_TARGET_DEFAULT=1
Target: x86_64-linux-gnu
Configured with: ../src/configure -v --with-pkgversion='Debian 10.2.1-6' --with-bugurl=file:///usr/share/doc/gcc-10/README.Bugs --enable-languages=c,ada,c++,go,brig,d,fortran,objc,obj-c++,m2 --prefix=/usr --with-gcc-major-version-only --program-suffix=-10 --program-prefix=x86_64-linux-gnu- --enable-shared --enable-linker-build-id --libexecdir=/usr/lib --without-included-gettext --enable-threads=posix --libdir=/usr/lib --enable-nls --enable-bootstrap --enable-clocale=gnu --enable-libstdcxx-debug --enable-libstdcxx-time=yes --with-default-libstdcxx-abi=new --enable-gnu-unique-object --disable-vtable-verify --enable-plugin --enable-default-pie --with-system-zlib --enable-libphobos-checking=release --with-target-system-zlib=auto --enable-objc-gc=auto --enable-multiarch --disable-werror --with-arch-32=i686 --with-abi=m64 --with-multilib-list=m32,m64,mx32 --enable-multilib --with-tune=generic --enable-offload-targets=nvptx-none=/build/gcc-10-Km9U7s/gcc-10-10.2.1/debian/tmp-nvptx/usr,amdgcn-amdhsa=/build/gcc-10-Km9U7s/gcc-10-10.2.1/debian/tmp-gcn/usr,hsa --without-cuda-driver --enable-checking=release --build=x86_64-linux-gnu --host=x86_64-linux-gnu --target=x86_64-linux-gnu --with-build-config=bootstrap-lto-lean --enable-link-mutex
Thread model: posix
Supported LTO compression algorithms: zlib zstd
gcc version 10.2.1 20210110 (Debian 10.2.1-6) 
... rest of stderr output deleted ...
configure:3259: $? = 0
configure:3248: gcc -V >&5
gcc: error: unrecognized command-line option '-V'
gcc: fatal error: no input files
compilation terminated.
configure:3259: $? = 1
configure:3248: gcc -qversion >&5
gcc: error: unrecognized command-line option '-qversion'; did you mean '--version'?
gcc: fatal error: no input files
compilation terminated.
configure:3259: $? = 1
configure:3279: checking whether the C compiler works
configure:3301: gcc -g -O0   conftest.c  >&5
configure:3305: $? = 0
configure:3353: result: yes
configure:3356: checking for C compiler default output file name
configure:3358: result: a.out
configure:3364: checking for suffix of executables
configure:3371: gcc -o conftest -g -O0   conftest.c  >&5
configure:3375: $? = 0
configure:3397: result: 
configure:3419: checking whether we are cross compiling
configure:3427: gcc -o conftest -g -O0   conftest.c  >&5
configure:3431: $? = 0
configure:3438: ./conftest
configure:3442: $? = 0
configure:3457: result: no
configure:3462: checking for suffix of object files
configure:3484: gcc -c -g -O0  conftest.c >&5
configure:3488: $? = 0
configure:3509: result: o
configure:3513: checking whether we are using the GNU C compiler
configure:3532: gcc -c -g -O0  conftest.c >&5
configure:3532: $? = 0
configure:3541: result: yes
configure:3550: checking whether gcc accepts -g
configure:3570: gcc -c -g  conftest.c >&5
configure:3570: $? = 0
configure:3611: result: yes
configure:3628: checking for gcc option to accept ISO C89
configure:3691: gcc  -c -g -O0  conftest.c >&5
configure:3691: $? = 0
configure:3704: result: none needed
configure:3729: checking whether gcc understands -c and -o together
configure:3751: gcc -c conftest.c -o conftest2.o
configure:3754: $? = 0
configure:3751: gcc -c conftest.c -o conftest2.o
configure:3754: $? = 0
configure:3766: result: yes
configure:3786: checking whether make supports the include directive
configure:3801: make -f confmf.GNU && cat confinc.out
this is the am__doit target
configure:3804: $? = 0
configure:3823: result: yes (GNU style)
configure:3848: checking dependency style of gcc
configure:3959: result: gcc3
configure:4032: checking for g++
configure:4048: found /usr/bin/g++
configure:4059: result: g++
configure:4086: checking for C++ compiler version
configure:4095: g++ --version >&5
g++ (Debian 10.2.1-6) 10.2.1 20210110
Copyright (C) 2020 Free Software Foundation, Inc.
This is free software; see the source for copying conditions.  There is NO
warranty; not even for MERCHANTABILITY or FITNESS FOR A PARTICULAR PURPOSE.

configure:4106: $? = 0
configure:4095: g++ -v >&5
Using built-in specs.
COLLECT_GCC=g++
COLLECT_LTO_WRAPPER=/usr/lib/gcc/x86_64-linux-gnu/10/lto-wrapper
OFFLOAD_TARGET_NAMES=nvptx-none:amdgcn-amdhsa:hsa
OFFLOAD_TARGET_DEFAULT=1
Target: x86_64-linux-gnu
Configured with: ../src/configure -v --with-pkgversion='Debian 10.2.1-6' --with-bugurl=file:///usr/share/doc/gcc-10/README.Bugs --enable-languages=c,ada,c++,go,brig,d,fortran,objc,obj-c++,m2 --prefix=/usr --with-gcc-major-version-only --program-suffix=-10 --program-prefix=x86_64-linux-gnu- --enable-shared --enable-linker-build-id --libexecdir=/usr/lib --without-included-gettext --enable-threads=posix --libdir=/usr/lib --enable-nls --enable-bootstrap --enable-clocale=gnu --enable-libstdcxx-debug --enable-libstdcxx-time=yes --with-default-libstdcxx-abi=new --enable-gnu-unique-object --disable-vtable-verify --enable-plugin --enable-default-pie --with-system-zlib --enable-libphobos-checking=release --with-target-system-zlib=auto --enable-objc-gc=auto --enable-multiarch --disable-werror --with-arch-32=i686 --with-abi=m64 --with-multilib-list=m32,m64,mx32 --enable-multilib --with-tune=generic --enable-offload-targets=nvptx-none=/build/gcc-10-Km9U7s/gcc-10-10.2.1/debian/tmp-nvptx/usr,amdgcn-amdhsa=/build/gcc-10-Km9U7s/gcc-10-10.2.1/debian/tmp-gcn/usr,hsa --without-cuda-driver --enable-checking=release --build=x86_64-linux-gnu --host=x86_64-linux-gnu --target=x86_64-linux-gnu --with-build-config=bootstrap-lto-lean --enable-link-mutex
Thread model: posix
Supported LTO compression algorithms: zlib zstd
gcc version 10.2.1 20210110 (Debian 10.2.1-6) 
... rest of stderr output deleted ...
configure:4106: $? = 0
configure:4095: g++ -V >&5
g++: error: unrecognized command-line option '-V'
g++: fatal error: no input files
compilation terminated.
configure:4106: $? = 1
configure:4095: g++ -qversion >&5
g++: error: unrecognized command-line option '-qversion'; did you mean '--version'?
g++: fatal error: no input files
compilation terminated.
configure:4106: $? = 1
configure:4110: checking whether we are using the GNU C++ compiler
configure:4129: g++ -c   conftest.cpp >&5
configure:4129: $? = 0
configure:4138: result: yes
configure:4147: checking whether g++ accepts -g
configure:4167: g++ -c -g  conftest.cpp >&5
configure:4167: $? = 0
configure:4208: result: yes
configure:4233: checking dependency style of g++
configure:4344: result: gcc3
configure:4388: checking build system type
configure:4402: result: x86_64-pc-linux-gnu
configure:4422: checking host system type
configure:4435: result: x86_64-pc-linux-gnu
configure:4476: checking how to print strings
configure:4503: result: printf
configure:4524: checking for a sed that does not truncate output
configure:4588: result: /usr/bin/sed
configure:4606: checking for grep that handles long lines and -e
configure:4664: result: /usr/bin/grep
configure:4669: checking for egrep
configure:4731: result: /usr/bin/grep -E
configure:4736: checking for fgrep
configure:4798: result: /usr/bin/grep -F
configure:4833: checking for ld used by gcc
configure:4900: result: /usr/bin/ld
configure:4907: checking if the linker (/usr/bin/ld) is GNU ld
configure:4922: result: yes
configure:4934: checking for BSD- or MS-compatible name lister (nm)
configure:4988: result: /usr/bin/nm -B
configure:5118: checking the name lister (/usr/bin/nm -B) interface
configure:5125: g++ -c -g -O2  conftest.cpp >&5
configure:5128: /usr/bin/nm -B "conftest.o"
configure:5131: output
0000000000000000 B some_variable
configure:5138: result: BSD nm
configure:5141: checking whether ln -s works
configure:5145: result: yes
configure:5153: checking the maximum length of command line arguments
configure:5284: result: 1572864
configure:5332: checking how to convert x86_64-pc-linux-gnu file names to x86_64-pc-linux-gnu format
configure:5372: result: func_convert_file_noop
configure:5379: checking how to convert x86_64-pc-linux-gnu file names to toolchain format
configure:5399: result: func_convert_file_noop
configure:5406: checking for /usr/bin/ld option to reload object files
configure:5413: result: -r
configure:5487: checking for objdump
configure:5503: found /usr/bin/objdump
configure:5514: result: objdump
configure:5546: checking how to recognize dependent libraries
configure:5746: result: pass_all
configure:5831: checking for dlltool
configure:5861: result: no
configure:5891: checking how to associate runtime and link libraries
configure:5918: result: printf %s\n
configure:5979: checking for ar
configure:5995: found /usr/bin/ar
configure:6006: result: ar
configure:6043: checking for archiver @FILE support
configure:6060: g++ -c -g -O2  conftest.cpp >&5
configure:6060: $? = 0
configure:6063: ar cr libconftest.a @conftest.lst >&5
configure:6066: $? = 0
configure:6071: ar cr libconftest.a @conftest.lst >&5
ar: conftest.o: No such file or directory
configure:6074: $? = 1
configure:6086: result: @
configure:6144: checking for strip
configure:6160: found /usr/bin/strip
configure:6171: result: strip
configure:6243: checking for ranlib
configure:6259: found /usr/bin/ranlib
configure:6270: result: ranlib
configure:6372: checking command to parse /usr/bin/nm -B output from gcc object
configure:6525: g++ -c -g -O2  conftest.cpp >&5
configure:6528: $? = 0
configure:6532: /usr/bin/nm -B conftest.o | sed -n -e 's/^.*[	 ]\([ABCDGIRSTW][ABCDGIRSTW]*\)[	 ][	 ]*\([_A-Za-z][_A-Za-z0-9]*\)$/\1 \2 \2/p' | sed '/ __gnu_lto/d' > conftest.nm
configure:6598: g++ -o conftest -g -O2   conftest.cpp conftstm.o >&5
configure:6601: $? = 0
configure:6639: result: ok
configure:6686: checking for sysroot
configure:6716: result: no
configure:6723: checking for a working dd
configure:6761: result: /usr/bin/dd
configure:6765: checking how to truncate binary pipes
configure:6780: result: /usr/bin/dd bs=4096 count=1
configure:6917: g++ -c -g -O2  conftest.cpp >&5
configure:6920: $? = 0
configure:7110: checking for mt
configure:7126: found /usr/bin/mt
configure:7137: result: mt
configure:7160: checking if mt is a manifest tool
configure:7166: mt '-?'
configure:7174: result: no
configure:7851: checking how to run the C preprocessor
configure:7882: gcc -E  conftest.c
configure:7882: $? = 0
configure:7896: gcc -E  conftest.c
conftest.c:11:10: fatal error: ac_nonexistent.h: No such file or directory
   11 | #include <ac_nonexistent.h>
      |          ^~~~~~~~~~~~~~~~~~
compilation terminated.
configure:7896: $? = 1
configure: failed program was:
| /* confdefs.h */
| #define PACKAGE_NAME "sonic-stp"
| #define PACKAGE_TARNAME "sonic-stp"
| #define PACKAGE_VERSION "1.0.0"
| #define PACKAGE_STRING "sonic-stp 1.0.0"
| #define PACKAGE_BUGREPORT ""
| #define PACKAGE_URL ""
| #define PACKAGE "sonic-stp"
| #define VERSION "1.0.0"
| /* end confdefs.h.  */
| #include <ac_nonexistent.h>
configure:7921: result: gcc -E
configure:7941: gcc -E  conftest.c
configure:7941: $? = 0
configure:7955: gcc -E  conftest.c
conftest.c:11:10: fatal error: ac_nonexistent.h: No such file or directory
   11 | #include <ac_nonexistent.h>
      |          ^~~~~~~~~~~~~~~~~~
compilation terminated.
configure:7955: $? = 1
configure: failed program was:
| /* confdefs.h */
| #define PACKAGE_NAME "sonic-stp"
| #define PACKAGE_TARNAME "sonic-stp"
| #define PACKAGE_VERSION "1.0.0"
| #define PACKAGE_STRING "sonic-stp 1.0.0"
| #define PACKAGE_BUGREPORT ""
| #define PACKAGE_URL ""
| #define PACKAGE "sonic-stp"
| #define VERSION "1.0.0"
| /* end confdefs.h.  */
| #include <ac_nonexistent.h>
configure:7984: checking for ANSI C header files
configure:8004: gcc -c -g -O0  conftest.c >&5
configure:8004: $? = 0
configure:8077: gcc -o conftest -g -O0   conftest.c  >&5
configure:8077: $? = 0
configure:8077: ./conftest
configure:8077: $? = 0
configure:8088: result: yes
configure:8101: checking for sys/types.h
configure:8101: gcc -c -g -O0  conftest.c >&5
configure:8101: $? = 0
configure:8101: result: yes
configure:8101: checking for sys/stat.h
configure:8101: gcc -c -g -O0  conftest.c >&5
configure:8101: $? = 0
configure:8101: result: yes
configure:8101: checking for stdlib.h
configure:8101: gcc -c -g -O0  conftest.c >&5
configure:8101: $? = 0
configure:8101: result: yes
configure:8101: checking for string.h
configure:8101: gcc -c -g -O0  conftest.c >&5
configure:8101: $? = 0
configure:8101: result: yes
configure:8101: checking for memory.h
configure:8101: gcc -c -g -O0  conftest.c >&5
configure:8101: $? = 0
configure:8101: result: yes
configure:8101: checking for strings.h
configure:8101: gcc -c -g -O0  conftest.c >&5
configure:8101: $? = 0
configure:8101: result: yes
configure:8101: checking for inttypes.h
configure:8101: gcc -c -g -O0  conftest.c >&5
configure:8101: $? = 0
configure:8101: result: yes
configure:8101: checking for stdint.h
configure:8101: gcc -c -g -O0  conftest.c >&5
configure:8101: $? = 0
configure:8101: result: yes
configure:8101: checking for unistd.h
configure:8101: gcc -c -g -O0  conftest.c >&5
configure:8101: $? = 0
configure:8101: result: yes
configure:8115: checking for dlfcn.h
configure:8115: gcc -c -g -O0  conftest.c >&5
configure:8115: $? = 0
configure:8115: result: yes
configure:8381: checking for objdir
configure:8396: result: .libs
configure:8656: checking if gcc supports -fno-rtti -fno-exceptions
configure:8674: gcc -c -g -O0  -fno-rtti -fno-exceptions conftest.c >&5
cc1: warning: command-line option '-fno-rtti' is valid for C++/D/ObjC++ but not for C
configure:8678: $? = 0
configure:8691: result: no
configure:9055: checking for gcc option to produce PIC
configure:9062: result: -fPIC -DPIC
configure:9070: checking if gcc PIC flag -fPIC -DPIC works
configure:9088: gcc -c -g -O0  -fPIC -DPIC -DPIC conftest.c >&5
configure:9092: $? = 0
configure:9105: result: yes
configure:9134: checking if gcc static flag -static works
configure:9162: result: yes
configure:9177: checking if gcc supports -c -o file.o
configure:9198: gcc -c -g -O0  -o out/conftest2.o conftest.c >&5
configure:9202: $? = 0
configure:9224: result: yes
configure:9232: checking if gcc supports -c -o file.o
configure:9279: result: yes
configure:9312: checking whether the gcc linker (/usr/bin/ld -m elf_x86_64) supports shared libraries
configure:10575: result: yes
configure:10612: checking whether -lc should be explicitly linked in
configure:10620: gcc -c -g -O0  conftest.c >&5
configure:10623: $? = 0
configure:10638: gcc -shared  -fPIC -DPIC conftest.o  -v -Wl,-soname -Wl,conftest -o conftest 2\>\&1 \| /usr/bin/grep  -lc  \>/dev/null 2\>\&1
configure:10641: $? = 0
configure:10655: result: no
configure:10815: checking dynamic linker characteristics
configure:11396: gcc -o conftest -g -O0   -Wl,-rpath -Wl,/foo conftest.c  >&5
configure:11396: $? = 0
configure:11645: result: GNU/Linux ld.so
configure:11767: checking how to hardcode library paths into programs
configure:11792: result: immediate
configure:12340: checking whether stripping libraries is possible
configure:12345: result: yes
configure:12380: checking if libtool supports shared libraries
configure:12382: result: yes
configure:12385: checking whether to build shared libraries
configure:12410: result: yes
configure:12413: checking whether to build static libraries
configure:12417: result: yes
configure:12440: checking how to run the C++ preprocessor
configure:12467: g++ -E  conftest.cpp
configure:12467: $? = 0
configure:12481: g++ -E  conftest.cpp
conftest.cpp:23:10: fatal error: ac_nonexistent.h: No such file or directory
   23 | #include <ac_nonexistent.h>
      |          ^~~~~~~~~~~~~~~~~~
compilation terminated.
configure:12481: $? = 1
configure: failed program was:
| /* confdefs.h */
| #define PACKAGE_NAME "sonic-stp"
| #define PACKAGE_TARNAME "sonic-stp"
| #define PACKAGE_VERSION "1.0.0"
| #define PACKAGE_STRING "sonic-stp 1.0.0"
| #define PACKAGE_BUGREPORT ""
| #define PACKAGE_URL ""
| #define PACKAGE "sonic-stp"
| #define VERSION "1.0.0"
| #define STDC_HEADERS 1
| #define HAVE_SYS_TYPES_H 1
| #define HAVE_SYS_STAT_H 1
| #define HAVE_STDLIB_H 1
| #define HAVE_STRING_H 1
| #define HAVE_MEMORY_H 1
| #define HAVE_STRINGS_H 1
| #define HAVE_INTTYPES_H 1
| #define HAVE_STDINT_H 1
| #define HAVE_UNISTD_H 1
| #define HAVE_DLFCN_H 1
| #define LT_OBJDIR ".libs/"
| /* end confdefs.h.  */
| #include <ac_nonexistent.h>
configure:12506: result: g++ -E
configure:12526: g++ -E  conftest.cpp
configure:12526: $? = 0
configure:12540: g++ -E  conftest.cpp
conftest.cpp:23:10: fatal error: ac_nonexistent.h: No such file or directory
   23 | #include <ac_nonexistent.h>
      |          ^~~~~~~~~~~~~~~~~~
compilation terminated.
configure:12540: $? = 1
configure: failed program was:
| /* confdefs.h */
| #define PACKAGE_NAME "sonic-stp"
| #define PACKAGE_TARNAME "sonic-stp"
| #define PACKAGE_VERSION "1.0.0"
| #define PACKAGE_STRING "sonic-stp 1.0.0"
| #define PACKAGE_BUGREPORT ""
| #define PACKAGE_URL ""
| #define PACKAGE "sonic-stp"
| #define VERSION "1.0.0"
| #define STDC_HEADERS 1
| #define HAVE_SYS_TYPES_H 1
| #define HAVE_SYS_STAT_H 1
| #define HAVE_STDLIB_H 1
| #define HAVE_STRING_H 1
| #define HAVE_MEMORY_H 1
| #define HAVE_STRINGS_H 1
| #define HAVE_INTTYPES_H 1
| #define HAVE_STDINT_H 1
| #define HAVE_UNISTD_H 1
| #define HAVE_DLFCN_H 1
| #define LT_OBJDIR ".libs/"
| /* end confdefs.h.  */
| #include <ac_nonexistent.h>
configure:12702: checking for ld used by g++
configure:12769: result: /usr/bin/ld -m elf_x86_64
configure:12776: checking if the linker (/usr/bin/ld -m elf_x86_64) is GNU ld
configure:12791: result: yes
configure:12846: checking whether the g++ linker (/usr/bin/ld -m elf_x86_64) supports shared libraries
configure:13919: result: yes
configure:13955: g++ -c -g -O2  conftest.cpp >&5
configure:13958: $? = 0
configure:14439: checking for g++ option to produce PIC
configure:14446: result: -fPIC -DPIC
configure:14454: checking if g++ PIC flag -fPIC -DPIC works
configure:14472: g++ -c -g -O2  -fPIC -DPIC -DPIC conftest.cpp >&5
configure:14476: $? = 0
configure:14489: result: yes
configure:14512: checking if g++ static flag -static works
configure:14540: result: yes
configure:14552: checking if g++ supports -c -o file.o
configure:14573: g++ -c -g -O2  -o out/conftest2.o conftest.cpp >&5
configure:14577: $? = 0
configure:14599: result: yes
configure:14604: checking if g++ supports -c -o file.o
configure:14651: result: yes
configure:14681: checking whether the g++ linker (/usr/bin/ld -m elf_x86_64) supports shared libraries
configure:14724: result: yes
configure:14865: checking dynamic linker characteristics
configure:15622: result: GNU/Linux ld.so
configure:15687: checking how to hardcode library paths into programs
configure:15712: result: immediate
configure:15774: checking for ANSI C header files
configure:15878: result: yes
configure:16041: checking that generated files are newer than configure
configure:16047: result: done
configure:16082: creating ./config.status

## ---------------------- ##
## Running config.status. ##
## ---------------------- ##

This file was extended by sonic-stp config.status 1.0.0, which was
generated by GNU Autoconf 2.69.  Invocation command line was

  CONFIG_FILES    = 
  CONFIG_HEADERS  = 
  CONFIG_LINKS    = 
  CONFIG_COMMANDS = 
  $ ./config.status 

on pi

config.status:1157: creating include/Makefile
config.status:1157: creating lib/Makefile
config.status:1157: creating stp/Makefile
config.status:1157: creating stpctl/Makefile
config.status:1157: creating Makefile
config.status:1157: creating config.h
config.status:1338: config.h is unchanged
config.status:1386: executing depfiles commands
config.status:1463: cd lib       && sed -e '/# am--include-marker/d' Makefile         | make -f - am--depfiles
make: Nothing to be done for 'am--depfiles'.
config.status:1468: $? = 0
config.status:1463: cd stp       && sed -e '/# am--include-marker/d' Makefile         | make -f - am--depfiles
make: Nothing to be done for 'am--depfiles'.
config.status:1468: $? = 0
config.status:1463: cd stpctl       && sed -e '/# am--include-marker/d' Makefile         | make -f - am--depfiles
make: Nothing to be done for 'am--depfiles'.
config.status:1468: $? = 0
config.status:1463: cd .       && sed -e '/# am--include-marker/d' Makefile         | make -f - am--depfiles
make: Nothing to be done for 'am--depfiles'.
config.status:1468: $? = 0
config.status:1386: executing libtool commands

## ---------------- ##
## Cache variables. ##
## ---------------- ##

ac_cv_build=x86_64-pc-linux-gnu
ac_cv_c_compiler_gnu=yes
ac_cv_cxx_compiler_gnu=yes
ac_cv_env_CCC_set=
ac_cv_env_CCC_value=
ac_cv_env_CC_set=
ac_cv_env_CC_value=
ac_cv_env_CFLAGS_set=set
ac_cv_env_CFLAGS_value='-g -O0'
ac_cv_env_CPPFLAGS_set=
ac_cv_env_CPPFLAGS_value=
ac_cv_env_CPP_set=
ac_cv_env_CPP_value=
ac_cv_env_CXXCPP_set=
ac_cv_env_CXXCPP_value=
ac_cv_env_CXXFLAGS_set=
ac_cv_env_CXXFLAGS_value=
ac_cv_env_CXX_set=
ac_cv_env_CXX_value=
ac_cv_env_LDFLAGS_set=
ac_cv_env_LDFLAGS_value=
ac_cv_env_LIBS_set=
ac_cv_env_LIBS_value=
ac_cv_env_LT_SYS_LIBRARY_PATH_set=
ac_cv_env_LT_SYS_LIBRARY_PATH_value=
ac_cv_env_build_alias_set=
ac_cv_env_build_alias_value=
ac_cv_env_host_alias_set=
ac_cv_env_host_alias_value=
ac_cv_env_target_alias_set=
ac_cv_env_target_alias_value=
ac_cv_header_dlfcn_h=yes
ac_cv_header_inttypes_h=yes
ac_cv_header_memory_h=yes
ac_cv_header_stdc=yes
ac_cv_header_stdint_h=yes
ac_cv_header_stdlib_h=yes
ac_cv_header_string_h=yes
ac_cv_header_strings_h=yes
ac_cv_header_sys_stat_h=yes
ac_cv_header_sys_types_h=yes
ac_cv_header_unistd_h=yes
ac_cv_host=x86_64-pc-linux-gnu
ac_cv_objext=o
ac_cv_path_EGREP='/usr/bin/grep -E'
ac_cv_path_FGREP='/usr/bin/grep -F'
ac_cv_path_GREP=/usr/bin/grep
ac_cv_path_SED=/usr/bin/sed
ac_cv_path_install='/usr/bin/install -c'
ac_cv_path_lt_DD=/usr/bin/dd
ac_cv_path_mkdir=/usr/bin/mkdir
ac_cv_prog_AWK=mawk
ac_cv_prog_CPP='gcc -E'
ac_cv_prog_CXXCPP='g++ -E'
ac_cv_prog_ac_ct_AR=ar
ac_cv_prog_ac_ct_CC=gcc
ac_cv_prog_ac_ct_CXX=g++
ac_cv_prog_ac_ct_MANIFEST_TOOL=mt
ac_cv_prog_ac_ct_OBJDUMP=objdump
ac_cv_prog_ac_ct_RANLIB=ranlib
ac_cv_prog_ac_ct_STRIP=strip
ac_cv_prog_cc_c89=
ac_cv_prog_cc_g=yes
ac_cv_prog_cxx_g=yes
ac_cv_prog_make_make_set=yes
am_cv_CC_dependencies_compiler_type=gcc3
am_cv_CXX_dependencies_compiler_type=gcc3
am_cv_make_support_nested_variables=yes
am_cv_prog_cc_c_o=yes
lt_cv_ar_at_file=@
lt_cv_archive_cmds_need_lc=no
lt_cv_deplibs_check_method=pass_all
lt_cv_file_magic_cmd='$MAGIC_CMD'
lt_cv_file_magic_test_file=
lt_cv_ld_reload_flag=-r
lt_cv_nm_interface='BSD nm'
lt_cv_objdir=.libs
lt_cv_path_LD=/usr/bin/ld
lt_cv_path_LDCXX='/usr/bin/ld -m elf_x86_64'
lt_cv_path_NM='/usr/bin/nm -B'
lt_cv_path_mainfest_tool=no
lt_cv_prog_compiler_c_o=yes
lt_cv_prog_compiler_c_o_CXX=yes
lt_cv_prog_compiler_pic='-fPIC -DPIC'
lt_cv_prog_compiler_pic_CXX='-fPIC -DPIC'
lt_cv_prog_compiler_pic_works=yes
lt_cv_prog_compiler_pic_works_CXX=yes
lt_cv_prog_compiler_rtti_exceptions=no
lt_cv_prog_compiler_static_works=yes
lt_cv_prog_compiler_static_works_CXX=yes
lt_cv_prog_gnu_ld=yes
lt_cv_prog_gnu_ldcxx=yes
lt_cv_sharedlib_from_linklib_cmd='printf %s\n'
lt_cv_shlibpath_overrides_runpath=yes
lt_cv_sys_global_symbol_pipe='sed -n -e '\''s/^.*[	 ]\([ABCDGIRSTW][ABCDGIRSTW]*\)[	 ][	 ]*\([_A-Za-z][_A-Za-z0-9]*\)$/\1 \2 \2/p'\'' | sed '\''/ __gnu_lto/d'\'''
lt_cv_sys_global_symbol_to_c_name_address='sed -n -e '\''s/^: \(.*\) .*$/  {"\1", (void *) 0},/p'\'' -e '\''s/^[ABCDGIRSTW][ABCDGIRSTW]* .* \(.*\)$/  {"\1", (void *) \&\1},/p'\'''
lt_cv_sys_global_symbol_to_c_name_address_lib_prefix='sed -n -e '\''s/^: \(.*\) .*$/  {"\1", (void *) 0},/p'\'' -e '\''s/^[ABCDGIRSTW][ABCDGIRSTW]* .* \(lib.*\)$/  {"\1", (void *) \&\1},/p'\'' -e '\''s/^[ABCDGIRSTW][ABCDGIRSTW]* .* \(.*\)$/  {"lib\1", (void *) \&\1},/p'\'''
lt_cv_sys_global_symbol_to_cdecl='sed -n -e '\''s/^T .* \(.*\)$/extern int \1();/p'\'' -e '\''s/^[ABCDGIRSTW][ABCDGIRSTW]* .* \(.*\)$/extern char \1;/p'\'''
lt_cv_sys_global_symbol_to_import=
lt_cv_sys_max_cmd_len=1572864
lt_cv_to_host_file_cmd=func_convert_file_noop
lt_cv_to_tool_file_cmd=func_convert_file_noop
lt_cv_truncate_bin='/usr/bin/dd bs=4096 count=1'

## ----------------- ##
## Output variables. ##
## ----------------- ##

ACLOCAL='${SHELL} '\''/home/pi/rabota/sonic-stp/config/missing'\'' aclocal-1.16'
AMDEPBACKSLASH='\'
AMDEP_FALSE='#'
AMDEP_TRUE=''
AMTAR='$${TAR-tar}'
AM_BACKSLASH='\'
AM_DEFAULT_V='$(AM_DEFAULT_VERBOSITY)'
AM_DEFAULT_VERBOSITY='1'
AM_V='$(V)'
AR='ar'
AUTOCONF='${SHELL} '\''/home/pi/rabota/sonic-stp/config/missing'\'' autoconf'
AUTOHEADER='${SHELL} '\''/home/pi/rabota/sonic-stp/config/missing'\'' autoheader'
AUTOMAKE='${SHELL} '\''/home/pi/rabota/sonic-stp/config/missing'\'' automake-1.16'
AWK='mawk'
CC='gcc'
CCDEPMODE='depmode=gcc3'
CFLAGS='-g -O0'
CFLAGS_COMMON='-std=c++11 -Wall -fPIC -Wno-write-strings -I/usr/include/libnl3 -I/usr/include/swss -I/usr/include -Werror'
CPP='gcc -E'
CPPFLAGS=''
CXX='g++'
CXXCPP='g++ -E'
CXXDEPMODE='depmode=gcc3'
CXXFLAGS='-g -O2'
CYGPATH_W='echo'
DEBUG_FALSE=''
DEBUG_TRUE='#'
DEFS='-DHAVE_CONFIG_H'
DEPDIR='.deps'
DLLTOOL='false'
DSYMUTIL=''
DUMPBIN=''
ECHO_C=''
ECHO_N='-n'
ECHO_T=''
EGREP='/usr/bin/grep -E'
EXEEXT=''
FGREP='/usr/bin/grep -F'
GREP='/usr/bin/grep'
GTEST_FALSE=''
GTEST_TRUE='#'
INSTALL_DATA='${INSTALL} -m 644'
INSTALL_PROGRAM='${INSTALL}'
INSTALL_SCRIPT='${INSTALL}'
INSTALL_STRIP_PROGRAM='$(install_sh) -c -s'
LD='/usr/bin/ld -m elf_x86_64'
LDFLAGS=''
LIBOBJS=''
LIBS=''
LIBTOOL='$(SHELL) $(top_builddir)/libtool'
LIPO=''
LN_S='ln -s'
LTLIBOBJS=''
LT_SYS_LIBRARY_PATH=''
MAKEINFO='${SHELL} '\''/home/pi/rabota/sonic-stp/config/missing'\'' makeinfo'
MANIFEST_TOOL=':'
MKDIR_P='/usr/bin/mkdir -p'
NM='/usr/bin/nm -B'
NMEDIT=''
OBJDUMP='objdump'
OBJEXT='o'
OTOOL64=''
OTOOL=''
PACKAGE='sonic-stp'
PACKAGE_BUGREPORT=''
PACKAGE_NAME='sonic-stp'
PACKAGE_STRING='sonic-stp 1.0.0'
PACKAGE_TARNAME='sonic-stp'
PACKAGE_URL=''
PACKAGE_VERSION='1.0.0'
PATH_SEPARATOR=':'
RANLIB='ranlib'
SED='/usr/bin/sed'
SET_MAKE=''
SHELL='/bin/bash'
STRIP='strip'
VERSION='1.0.0'
ac_ct_AR='ar'
ac_ct_CC='gcc'
ac_ct_CXX='g++'
ac_ct_DUMPBIN=''
am__EXEEXT_FALSE=''
am__EXEEXT_TRUE='#'
am__fastdepCC_FALSE='#'
am__fastdepCC_TRUE=''
am__fastdepCXX_FALSE='#'
am__fastdepCXX_TRUE=''
am__include='include'
am__isrc=''
am__leading_dot='.'
am__nodep='_no'
am__quote=''
am__tar='$${TAR-tar} chof - "$$tardir"'
am__untar='$${TAR-tar} xf -'
bindir='${exec_prefix}/bin'
build='x86_64-pc-linux-gnu'
build_alias=''
build_cpu='x86_64'
build_os='linux-gnu'
build_vendor='pc'
datadir='${datarootdir}'
datarootdir='${prefix}/share'
docdir='${datarootdir}/doc/${PACKAGE_TARNAME}'
dvidir='${docdir}'
exec_prefix='${prefix}'
host='x86_64-pc-linux-gnu'
host_alias=''
host_cpu='x86_64'
host_os='linux-gnu'
host_vendor='pc'
htmldir='${docdir}'
includedir='${prefix}/include'
infodir='${datarootdir}/info'
install_sh='${SHELL} /home/pi/rabota/sonic-stp/config/install-sh'
libdir='${exec_prefix}/lib'
libexecdir='${exec_prefix}/libexec'
localedir='${datarootdir}/locale'
localstatedir='${prefix}/var'
mandir='${datarootdir}/man'
mkdir_p='$(MKDIR_P)'
oldincludedir='/usr/include'
pdfdir='${docdir}'
prefix='/usr/local'
program_transform_name='s,x,x,'
psdir='${docdir}'
runstatedir='${localstatedir}/run'
sbindir='${exec_prefix}/sbin'
sharedstatedir='${prefix}/com'
sysconfdir='${prefix}/etc'
target_alias=''

## ----------- ##
## confdefs.h. ##
## ----------- ##

/* confdefs.h */
#define PACKAGE_NAME "sonic-stp"
#define PACKAGE_TARNAME "sonic-stp"
#define PACKAGE_VERSION "1.0.0"
#define PACKAGE_STRING "sonic-stp 1.0.0"
#define PACKAGE_BUGREPORT ""
#define PACKAGE_URL ""
#define PACKAGE "sonic-stp"
#define VERSION "1.0.0"
#define STDC_HEADERS 1
#define HAVE_SYS_TYPES_H 1
#define HAVE_SYS_STAT_H 1
#define HAVE_STDLIB_H 1
#define HAVE_STRING_H 1
#define HAVE_MEMORY_H 1
#define HAVE_STRINGS_H 1
#define HAVE_INTTYPES_H 1
#define HAVE_STDINT_H 1
#define HAVE_UNISTD_H 1
#define HAVE_DLFCN_H 1
#define LT_OBJDIR ".libs/"
#define STDC_HEADERS 1

configure: exit 0
